<?xml version="1.0" encoding="UTF-8"?>
<testng-results skipped="0" failed="4" total="8" passed="4">
  <reporter-output>
  </reporter-output>
  <suite name="Suite" duration-ms="225923" started-at="2016-11-29T02:56:22Z" finished-at="2016-11-29T03:00:08Z">
    <groups>
    </groups>
    <test name="Test" duration-ms="225923" started-at="2016-11-29T02:56:22Z" finished-at="2016-11-29T03:00:08Z">
      <class name="com.Test.searchValidation">
        <test-method status="PASS" signature="setup()[pri:0, instance:com.Test.searchValidation@1a25848]" name="setup" is-config="true" duration-ms="9889" started-at="2016-11-28T21:58:10Z" finished-at="2016-11-28T21:58:20Z">
          <reporter-output>
          </reporter-output>
        </test-method> <!-- setup -->
        <test-method status="FAIL" signature="searchassetbyflag()[pri:0, instance:com.Test.searchValidation@1a25848]" name="searchassetbyflag" duration-ms="25315" started-at="2016-11-28T21:58:20Z" finished-at="2016-11-28T21:58:45Z">
          <exception class="java.lang.NullPointerException">
            <full-stacktrace>
              <![CDATA[java.lang.NullPointerException
	at com.Test.searchValidation.searchassetbyflag(searchValidation.java:40)
	at sun.reflect.NativeMethodAccessorImpl.invoke0(Native Method)
	at sun.reflect.NativeMethodAccessorImpl.invoke(NativeMethodAccessorImpl.java:62)
	at sun.reflect.DelegatingMethodAccessorImpl.invoke(DelegatingMethodAccessorImpl.java:43)
	at java.lang.reflect.Method.invoke(Method.java:497)
	at org.testng.internal.MethodInvocationHelper.invokeMethod(MethodInvocationHelper.java:80)
	at org.testng.internal.Invoker.invokeMethod(Invoker.java:714)
	at org.testng.internal.Invoker.invokeTestMethod(Invoker.java:901)
	at org.testng.internal.Invoker.invokeTestMethods(Invoker.java:1231)
	at org.testng.internal.TestMethodWorker.invokeTestMethods(TestMethodWorker.java:127)
	at org.testng.internal.TestMethodWorker.run(TestMethodWorker.java:111)
	at org.testng.TestRunner.privateRun(TestRunner.java:767)
	at org.testng.TestRunner.run(TestRunner.java:617)
	at org.testng.SuiteRunner.runTest(SuiteRunner.java:334)
	at org.testng.SuiteRunner.runSequentially(SuiteRunner.java:329)
	at org.testng.SuiteRunner.privateRun(SuiteRunner.java:291)
	at org.testng.SuiteRunner.run(SuiteRunner.java:240)
	at org.testng.SuiteRunnerWorker.runSuite(SuiteRunnerWorker.java:52)
	at org.testng.SuiteRunnerWorker.run(SuiteRunnerWorker.java:86)
	at org.testng.TestNG.runSuitesSequentially(TestNG.java:1198)
	at org.testng.TestNG.runSuitesLocally(TestNG.java:1123)
	at org.testng.TestNG.run(TestNG.java:1031)
	at org.apache.maven.surefire.testng.TestNGExecutor.run(TestNGExecutor.java:74)
	at org.apache.maven.surefire.testng.TestNGXmlTestSuite.execute(TestNGXmlTestSuite.java:92)
	at org.apache.maven.surefire.Surefire.run(Surefire.java:177)
	at sun.reflect.NativeMethodAccessorImpl.invoke0(Native Method)
	at sun.reflect.NativeMethodAccessorImpl.invoke(NativeMethodAccessorImpl.java:62)
	at sun.reflect.DelegatingMethodAccessorImpl.invoke(DelegatingMethodAccessorImpl.java:43)
	at java.lang.reflect.Method.invoke(Method.java:497)
	at org.apache.maven.surefire.booter.SurefireBooter.runSuitesInProcess(SurefireBooter.java:345)
	at org.apache.maven.surefire.booter.SurefireBooter.main(SurefireBooter.java:1009)
]]>
            </full-stacktrace>
          </exception> <!-- java.lang.NullPointerException -->
          <reporter-output>
          </reporter-output>
        </test-method> <!-- searchassetbyflag -->
        <test-method status="PASS" signature="after()[pri:0, instance:com.Test.searchValidation@1a25848]" name="after" is-config="true" duration-ms="1019" started-at="2016-11-28T21:58:45Z" finished-at="2016-11-28T21:58:46Z">
          <reporter-output>
          </reporter-output>
        </test-method> <!-- after -->
        <test-method status="PASS" signature="setup()[pri:0, instance:com.Test.searchValidation@1a25848]" name="setup" is-config="true" duration-ms="5440" started-at="2016-11-28T21:58:46Z" finished-at="2016-11-28T21:58:51Z">
          <reporter-output>
          </reporter-output>
        </test-method> <!-- setup -->
        <test-method status="FAIL" signature="searchassetbykeyword()[pri:0, instance:com.Test.searchValidation@1a25848]" name="searchassetbykeyword" duration-ms="21411" started-at="2016-11-28T21:58:51Z" finished-at="2016-11-28T21:59:13Z">
          <exception class="java.lang.NullPointerException">
            <full-stacktrace>
              <![CDATA[java.lang.NullPointerException
	at com.Test.searchValidation.searchassetbykeyword(searchValidation.java:50)
	at sun.reflect.NativeMethodAccessorImpl.invoke0(Native Method)
	at sun.reflect.NativeMethodAccessorImpl.invoke(NativeMethodAccessorImpl.java:62)
	at sun.reflect.DelegatingMethodAccessorImpl.invoke(DelegatingMethodAccessorImpl.java:43)
	at java.lang.reflect.Method.invoke(Method.java:497)
	at org.testng.internal.MethodInvocationHelper.invokeMethod(MethodInvocationHelper.java:80)
	at org.testng.internal.Invoker.invokeMethod(Invoker.java:714)
	at org.testng.internal.Invoker.invokeTestMethod(Invoker.java:901)
	at org.testng.internal.Invoker.invokeTestMethods(Invoker.java:1231)
	at org.testng.internal.TestMethodWorker.invokeTestMethods(TestMethodWorker.java:127)
	at org.testng.internal.TestMethodWorker.run(TestMethodWorker.java:111)
	at org.testng.TestRunner.privateRun(TestRunner.java:767)
	at org.testng.TestRunner.run(TestRunner.java:617)
	at org.testng.SuiteRunner.runTest(SuiteRunner.java:334)
	at org.testng.SuiteRunner.runSequentially(SuiteRunner.java:329)
	at org.testng.SuiteRunner.privateRun(SuiteRunner.java:291)
	at org.testng.SuiteRunner.run(SuiteRunner.java:240)
	at org.testng.SuiteRunnerWorker.runSuite(SuiteRunnerWorker.java:52)
	at org.testng.SuiteRunnerWorker.run(SuiteRunnerWorker.java:86)
	at org.testng.TestNG.runSuitesSequentially(TestNG.java:1198)
	at org.testng.TestNG.runSuitesLocally(TestNG.java:1123)
	at org.testng.TestNG.run(TestNG.java:1031)
	at org.apache.maven.surefire.testng.TestNGExecutor.run(TestNGExecutor.java:74)
	at org.apache.maven.surefire.testng.TestNGXmlTestSuite.execute(TestNGXmlTestSuite.java:92)
	at org.apache.maven.surefire.Surefire.run(Surefire.java:177)
	at sun.reflect.NativeMethodAccessorImpl.invoke0(Native Method)
	at sun.reflect.NativeMethodAccessorImpl.invoke(NativeMethodAccessorImpl.java:62)
	at sun.reflect.DelegatingMethodAccessorImpl.invoke(DelegatingMethodAccessorImpl.java:43)
	at java.lang.reflect.Method.invoke(Method.java:497)
	at org.apache.maven.surefire.booter.SurefireBooter.runSuitesInProcess(SurefireBooter.java:345)
	at org.apache.maven.surefire.booter.SurefireBooter.main(SurefireBooter.java:1009)
]]>
            </full-stacktrace>
          </exception> <!-- java.lang.NullPointerException -->
          <reporter-output>
          </reporter-output>
        </test-method> <!-- searchassetbykeyword -->
        <test-method status="PASS" signature="after()[pri:0, instance:com.Test.searchValidation@1a25848]" name="after" is-config="true" duration-ms="3115" started-at="2016-11-28T21:59:13Z" finished-at="2016-11-28T21:59:16Z">
          <reporter-output>
          </reporter-output>
        </test-method> <!-- after -->
        <test-method status="PASS" signature="setup()[pri:0, instance:com.Test.searchValidation@1a25848]" name="setup" is-config="true" duration-ms="7078" started-at="2016-11-28T21:59:16Z" finished-at="2016-11-28T21:59:23Z">
          <reporter-output>
          </reporter-output>
        </test-method> <!-- setup -->
        <test-method status="FAIL" signature="searchassetbystatus()[pri:0, instance:com.Test.searchValidation@1a25848]" name="searchassetbystatus" duration-ms="22313" started-at="2016-11-28T21:59:23Z" finished-at="2016-11-28T21:59:45Z">
          <exception class="java.lang.NullPointerException">
            <full-stacktrace>
              <![CDATA[java.lang.NullPointerException
	at com.Test.searchValidation.searchassetbystatus(searchValidation.java:59)
	at sun.reflect.NativeMethodAccessorImpl.invoke0(Native Method)
	at sun.reflect.NativeMethodAccessorImpl.invoke(NativeMethodAccessorImpl.java:62)
	at sun.reflect.DelegatingMethodAccessorImpl.invoke(DelegatingMethodAccessorImpl.java:43)
	at java.lang.reflect.Method.invoke(Method.java:497)
	at org.testng.internal.MethodInvocationHelper.invokeMethod(MethodInvocationHelper.java:80)
	at org.testng.internal.Invoker.invokeMethod(Invoker.java:714)
	at org.testng.internal.Invoker.invokeTestMethod(Invoker.java:901)
	at org.testng.internal.Invoker.invokeTestMethods(Invoker.java:1231)
	at org.testng.internal.TestMethodWorker.invokeTestMethods(TestMethodWorker.java:127)
	at org.testng.internal.TestMethodWorker.run(TestMethodWorker.java:111)
	at org.testng.TestRunner.privateRun(TestRunner.java:767)
	at org.testng.TestRunner.run(TestRunner.java:617)
	at org.testng.SuiteRunner.runTest(SuiteRunner.java:334)
	at org.testng.SuiteRunner.runSequentially(SuiteRunner.java:329)
	at org.testng.SuiteRunner.privateRun(SuiteRunner.java:291)
	at org.testng.SuiteRunner.run(SuiteRunner.java:240)
	at org.testng.SuiteRunnerWorker.runSuite(SuiteRunnerWorker.java:52)
	at org.testng.SuiteRunnerWorker.run(SuiteRunnerWorker.java:86)
	at org.testng.TestNG.runSuitesSequentially(TestNG.java:1198)
	at org.testng.TestNG.runSuitesLocally(TestNG.java:1123)
	at org.testng.TestNG.run(TestNG.java:1031)
	at org.apache.maven.surefire.testng.TestNGExecutor.run(TestNGExecutor.java:74)
	at org.apache.maven.surefire.testng.TestNGXmlTestSuite.execute(TestNGXmlTestSuite.java:92)
	at org.apache.maven.surefire.Surefire.run(Surefire.java:177)
	at sun.reflect.NativeMethodAccessorImpl.invoke0(Native Method)
	at sun.reflect.NativeMethodAccessorImpl.invoke(NativeMethodAccessorImpl.java:62)
	at sun.reflect.DelegatingMethodAccessorImpl.invoke(DelegatingMethodAccessorImpl.java:43)
	at java.lang.reflect.Method.invoke(Method.java:497)
	at org.apache.maven.surefire.booter.SurefireBooter.runSuitesInProcess(SurefireBooter.java:345)
	at org.apache.maven.surefire.booter.SurefireBooter.main(SurefireBooter.java:1009)
]]>
            </full-stacktrace>
          </exception> <!-- java.lang.NullPointerException -->
          <reporter-output>
          </reporter-output>
        </test-method> <!-- searchassetbystatus -->
        <test-method status="PASS" signature="after()[pri:0, instance:com.Test.searchValidation@1a25848]" name="after" is-config="true" duration-ms="1009" started-at="2016-11-28T21:59:45Z" finished-at="2016-11-28T21:59:46Z">
          <reporter-output>
          </reporter-output>
        </test-method> <!-- after -->
        <test-method status="PASS" signature="setup()[pri:0, instance:com.Test.searchValidation@1a25848]" name="setup" is-config="true" duration-ms="5091" started-at="2016-11-28T21:59:46Z" finished-at="2016-11-28T21:59:51Z">
          <reporter-output>
          </reporter-output>
        </test-method> <!-- setup -->
        <test-method status="PASS" signature="searchassetbytype()[pri:0, instance:com.Test.searchValidation@1a25848]" name="searchassetbytype" duration-ms="12807" started-at="2016-11-28T21:59:51Z" finished-at="2016-11-28T22:00:04Z">
          <reporter-output>
          </reporter-output>
        </test-method> <!-- searchassetbytype -->
        <test-method status="PASS" signature="after()[pri:0, instance:com.Test.searchValidation@1a25848]" name="after" is-config="true" duration-ms="3238" started-at="2016-11-28T22:00:04Z" finished-at="2016-11-28T22:00:08Z">
          <reporter-output>
          </reporter-output>
        </test-method> <!-- after -->
      </class> <!-- com.Test.searchValidation -->
      <class name="com.Test.loginValidation">
        <test-method status="PASS" signature="load()[pri:0, instance:com.Test.loginValidation@10375b3]" name="load" is-config="true" duration-ms="6" started-at="2016-11-28T21:56:22Z" finished-at="2016-11-28T21:56:22Z">
          <reporter-output>
          </reporter-output>
        </test-method> <!-- load -->
        <test-method status="PASS" signature="setup()[pri:0, instance:com.Test.loginValidation@10375b3]" name="setup" is-config="true" duration-ms="10003" started-at="2016-11-28T21:56:22Z" finished-at="2016-11-28T21:56:32Z">
          <reporter-output>
          </reporter-output>
        </test-method> <!-- setup -->
        <test-method status="PASS" signature="loginWithValideDetail()[pri:0, instance:com.Test.loginValidation@10375b3]" name="loginWithValideDetail" duration-ms="21318" started-at="2016-11-28T21:56:32Z" finished-at="2016-11-28T21:56:53Z">
          <reporter-output>
          </reporter-output>
        </test-method> <!-- loginWithValideDetail -->
        <test-method status="PASS" signature="after()[pri:0, instance:com.Test.loginValidation@10375b3]" name="after" is-config="true" duration-ms="1132" started-at="2016-11-28T21:56:53Z" finished-at="2016-11-28T21:56:54Z">
          <reporter-output>
          </reporter-output>
        </test-method> <!-- after -->
        <test-method status="PASS" signature="setup()[pri:0, instance:com.Test.loginValidation@10375b3]" name="setup" is-config="true" duration-ms="6952" started-at="2016-11-28T21:56:54Z" finished-at="2016-11-28T21:57:01Z">
          <reporter-output>
          </reporter-output>
        </test-method> <!-- setup -->
        <test-method status="FAIL" signature="loginWithWrongDetail()[pri:0, instance:com.Test.loginValidation@10375b3]" name="loginWithWrongDetail" duration-ms="23926" started-at="2016-11-28T21:57:01Z" finished-at="2016-11-28T21:57:25Z">
          <exception class="java.lang.AssertionError">
            <message>
              <![CDATA[expected [Access Denied / User Login | tool - belt] but found [tool - belt]]]>
            </message>
            <full-stacktrace>
              <![CDATA[java.lang.AssertionError: expected [Access Denied / User Login | tool - belt] but found [tool - belt]
	at org.testng.Assert.fail(Assert.java:94)
	at org.testng.Assert.failNotEquals(Assert.java:494)
	at org.testng.Assert.assertEquals(Assert.java:123)
	at org.testng.Assert.assertEquals(Assert.java:176)
	at org.testng.Assert.assertEquals(Assert.java:186)
	at com.Test.loginValidation.loginWithWrongDetail(loginValidation.java:38)
	at sun.reflect.NativeMethodAccessorImpl.invoke0(Native Method)
	at sun.reflect.NativeMethodAccessorImpl.invoke(NativeMethodAccessorImpl.java:62)
	at sun.reflect.DelegatingMethodAccessorImpl.invoke(DelegatingMethodAccessorImpl.java:43)
	at java.lang.reflect.Method.invoke(Method.java:497)
	at org.testng.internal.MethodInvocationHelper.invokeMethod(MethodInvocationHelper.java:80)
	at org.testng.internal.Invoker.invokeMethod(Invoker.java:714)
	at org.testng.internal.Invoker.invokeTestMethod(Invoker.java:901)
	at org.testng.internal.Invoker.invokeTestMethods(Invoker.java:1231)
	at org.testng.internal.TestMethodWorker.invokeTestMethods(TestMethodWorker.java:127)
	at org.testng.internal.TestMethodWorker.run(TestMethodWorker.java:111)
	at org.testng.TestRunner.privateRun(TestRunner.java:767)
	at org.testng.TestRunner.run(TestRunner.java:617)
	at org.testng.SuiteRunner.runTest(SuiteRunner.java:334)
	at org.testng.SuiteRunner.runSequentially(SuiteRunner.java:329)
	at org.testng.SuiteRunner.privateRun(SuiteRunner.java:291)
	at org.testng.SuiteRunner.run(SuiteRunner.java:240)
	at org.testng.SuiteRunnerWorker.runSuite(SuiteRunnerWorker.java:52)
	at org.testng.SuiteRunnerWorker.run(SuiteRunnerWorker.java:86)
	at org.testng.TestNG.runSuitesSequentially(TestNG.java:1198)
	at org.testng.TestNG.runSuitesLocally(TestNG.java:1123)
	at org.testng.TestNG.run(TestNG.java:1031)
	at org.apache.maven.surefire.testng.TestNGExecutor.run(TestNGExecutor.java:74)
	at org.apache.maven.surefire.testng.TestNGXmlTestSuite.execute(TestNGXmlTestSuite.java:92)
	at org.apache.maven.surefire.Surefire.run(Surefire.java:177)
	at sun.reflect.NativeMethodAccessorImpl.invoke0(Native Method)
	at sun.reflect.NativeMethodAccessorImpl.invoke(NativeMethodAccessorImpl.java:62)
	at sun.reflect.DelegatingMethodAccessorImpl.invoke(DelegatingMethodAccessorImpl.java:43)
	at java.lang.reflect.Method.invoke(Method.java:497)
	at org.apache.maven.surefire.booter.SurefireBooter.runSuitesInProcess(SurefireBooter.java:345)
	at org.apache.maven.surefire.booter.SurefireBooter.main(SurefireBooter.java:1009)
]]>
            </full-stacktrace>
          </exception> <!-- java.lang.AssertionError -->
          <reporter-output>
          </reporter-output>
        </test-method> <!-- loginWithWrongDetail -->
        <test-method status="PASS" signature="after()[pri:0, instance:com.Test.loginValidation@10375b3]" name="after" is-config="true" duration-ms="3143" started-at="2016-11-28T21:57:25Z" finished-at="2016-11-28T21:57:28Z">
          <reporter-output>
          </reporter-output>
        </test-method> <!-- after -->
        <test-method status="PASS" signature="setup()[pri:0, instance:com.Test.loginValidation@10375b3]" name="setup" is-config="true" duration-ms="6354" started-at="2016-11-28T21:57:28Z" finished-at="2016-11-28T21:57:34Z">
          <reporter-output>
          </reporter-output>
        </test-method> <!-- setup -->
        <test-method status="PASS" signature="requestForNewPasswrod()[pri:0, instance:com.Test.loginValidation@10375b3]" name="requestForNewPasswrod" duration-ms="2083" started-at="2016-11-28T21:57:34Z" finished-at="2016-11-28T21:57:37Z">
          <reporter-output>
          </reporter-output>
        </test-method> <!-- requestForNewPasswrod -->
        <test-method status="PASS" signature="after()[pri:0, instance:com.Test.loginValidation@10375b3]" name="after" is-config="true" duration-ms="3168" started-at="2016-11-28T21:57:37Z" finished-at="2016-11-28T21:57:40Z">
          <reporter-output>
          </reporter-output>
        </test-method> <!-- after -->
        <test-method status="PASS" signature="setup()[pri:0, instance:com.Test.loginValidation@10375b3]" name="setup" is-config="true" duration-ms="7382" started-at="2016-11-28T21:57:40Z" finished-at="2016-11-28T21:57:47Z">
          <reporter-output>
          </reporter-output>
        </test-method> <!-- setup -->
        <test-method status="PASS" signature="searchAssetByType()[pri:0, instance:com.Test.loginValidation@10375b3]" name="searchAssetByType" duration-ms="19343" started-at="2016-11-28T21:57:47Z" finished-at="2016-11-28T21:58:06Z">
          <reporter-output>
          </reporter-output>
        </test-method> <!-- searchAssetByType -->
        <test-method status="PASS" signature="after()[pri:0, instance:com.Test.loginValidation@10375b3]" name="after" is-config="true" duration-ms="3358" started-at="2016-11-28T21:58:06Z" finished-at="2016-11-28T21:58:10Z">
          <reporter-output>
          </reporter-output>
        </test-method> <!-- after -->
      </class> <!-- com.Test.loginValidation -->
    </test> <!-- Test -->
  </suite> <!-- Suite -->
</testng-results>
