<?xml version="1.0" encoding="UTF-8"?>
<!-- Generated by org.testng.reporters.JUnitXMLReporter -->
<testsuite hostname="JEC502025169XL7" name="Test" tests="8" failures="4" timestamp="29 Nov 2016 03:00:08 GMT" time="225.923" errors="0">
  <testcase name="loginWithValideDetail" time="21.318" classname="com.Test.loginValidation"/>
  <testcase name="loginWithWrongDetail" time="23.926" classname="com.Test.loginValidation">
    <failure type="java.lang.AssertionError" message="expected [Access Denied / User Login | tool - belt] but found [tool - belt]">
      <![CDATA[java.lang.AssertionError: expected [Access Denied / User Login | tool - belt] but found [tool - belt]
	at com.Test.loginValidation.loginWithWrongDetail(loginValidation.java:38)
	at org.apache.maven.surefire.testng.TestNGExecutor.run(TestNGExecutor.java:74)
	at org.apache.maven.surefire.testng.TestNGXmlTestSuite.execute(TestNGXmlTestSuite.java:92)
	at org.apache.maven.surefire.Surefire.run(Surefire.java:177)
	at org.apache.maven.surefire.booter.SurefireBooter.runSuitesInProcess(SurefireBooter.java:345)
	at org.apache.maven.surefire.booter.SurefireBooter.main(SurefireBooter.java:1009)
... Removed 30 stack frames]]>
    </failure>
  </testcase> <!-- loginWithWrongDetail -->
  <testcase name="requestForNewPasswrod" time="2.083" classname="com.Test.loginValidation"/>
  <testcase name="searchAssetByType" time="19.343" classname="com.Test.loginValidation"/>
  <testcase name="searchassetbyflag" time="25.315" classname="com.Test.searchValidation">
    <failure type="java.lang.NullPointerException">
      <![CDATA[java.lang.NullPointerException
	at com.Test.searchValidation.searchassetbyflag(searchValidation.java:40)
	at org.apache.maven.surefire.testng.TestNGExecutor.run(TestNGExecutor.java:74)
	at org.apache.maven.surefire.testng.TestNGXmlTestSuite.execute(TestNGXmlTestSuite.java:92)
	at org.apache.maven.surefire.Surefire.run(Surefire.java:177)
	at org.apache.maven.surefire.booter.SurefireBooter.runSuitesInProcess(SurefireBooter.java:345)
	at org.apache.maven.surefire.booter.SurefireBooter.main(SurefireBooter.java:1009)
... Removed 25 stack frames]]>
    </failure>
  </testcase> <!-- searchassetbyflag -->
  <testcase name="searchassetbykeyword" time="21.411" classname="com.Test.searchValidation">
    <failure type="java.lang.NullPointerException">
      <![CDATA[java.lang.NullPointerException
	at com.Test.searchValidation.searchassetbykeyword(searchValidation.java:50)
	at org.apache.maven.surefire.testng.TestNGExecutor.run(TestNGExecutor.java:74)
	at org.apache.maven.surefire.testng.TestNGXmlTestSuite.execute(TestNGXmlTestSuite.java:92)
	at org.apache.maven.surefire.Surefire.run(Surefire.java:177)
	at org.apache.maven.surefire.booter.SurefireBooter.runSuitesInProcess(SurefireBooter.java:345)
	at org.apache.maven.surefire.booter.SurefireBooter.main(SurefireBooter.java:1009)
... Removed 25 stack frames]]>
    </failure>
  </testcase> <!-- searchassetbykeyword -->
  <testcase name="searchassetbystatus" time="22.313" classname="com.Test.searchValidation">
    <failure type="java.lang.NullPointerException">
      <![CDATA[java.lang.NullPointerException
	at com.Test.searchValidation.searchassetbystatus(searchValidation.java:59)
	at org.apache.maven.surefire.testng.TestNGExecutor.run(TestNGExecutor.java:74)
	at org.apache.maven.surefire.testng.TestNGXmlTestSuite.execute(TestNGXmlTestSuite.java:92)
	at org.apache.maven.surefire.Surefire.run(Surefire.java:177)
	at org.apache.maven.surefire.booter.SurefireBooter.runSuitesInProcess(SurefireBooter.java:345)
	at org.apache.maven.surefire.booter.SurefireBooter.main(SurefireBooter.java:1009)
... Removed 25 stack frames]]>
    </failure>
  </testcase> <!-- searchassetbystatus -->
  <testcase name="searchassetbytype" time="12.807" classname="com.Test.searchValidation"/>
</testsuite> <!-- Test -->
